#
# There is insufficient memory for the Java Runtime Environment to continue.
# Native memory allocation (malloc) failed to allocate 1875120 bytes. Error detail: Chunk::new
# Possible reasons:
#   The system is out of physical RAM or swap space
#   This process is running with CompressedOops enabled, and the Java Heap may be blocking the growth of the native heap
# Possible solutions:
#   Reduce memory load on the system
#   Increase physical memory or swap space
#   Check if swap backing store is full
#   Decrease Java heap size (-Xmx/-Xms)
#   Decrease number of Java threads
#   Decrease Java thread stack sizes (-Xss)
#   Set larger code cache with -XX:ReservedCodeCacheSize=
#   JVM is running with Unscaled Compressed Oops mode in which the Java heap is
#     placed in the first 4GB address space. The Java Heap base address is the
#     maximum limit for the native heap growth. Please use -XX:HeapBaseMinAddress
#     to set the Java Heap base and to place the Java Heap above 4GB virtual address.
# This output file may be truncated or incomplete.
#
#  Out of Memory Error (arena.cpp:149), pid=26256, tid=23468
#
# JRE version: Java(TM) SE Runtime Environment (23.0.2+7) (build 23.0.2+7-58)
# Java VM: Java HotSpot(TM) 64-Bit Server VM (23.0.2+7-58, mixed mode, sharing, tiered, compressed oops, compressed class ptrs, g1 gc, windows-amd64)
# No core dump will be written. Minidumps are not enabled by default on client versions of Windows
#

---------------  S U M M A R Y ------------

Command Line: -javaagent:D:\IntelliJ IDEA Community Edition 2024.3.3\lib\idea_rt.jar=55321:D:\IntelliJ IDEA Community Edition 2024.3.3\bin -Dfile.encoding=UTF-8 -Dsun.stdout.encoding=UTF-8 -Dsun.stderr.encoding=UTF-8 --module-path=C:\Users\user\.m2\repository\com\fasterxml\jackson\core\jackson-core\2.14.2\jackson-core-2.14.2.jar;C:\Users\user\.m2\repository\com\dlsc\formsfx\formsfx-core\11.6.0\formsfx-core-11.6.0.jar;C:\Users\user\.m2\repository\org\openjfx\javafx-base\17.0.6\javafx-base-17.0.6-win.jar;C:\Users\user\.m2\repository\com\mysql\mysql-connector-j\8.0.33\mysql-connector-j-8.0.33.jar;C:\Users\user\.m2\repository\com\gluonhq\attach\audio\4.0.17\audio-4.0.17.jar;C:\Users\user\.m2\repository\org\openjfx\javafx-graphics\17.0.6\javafx-graphics-17.0.6-win.jar;C:\Users\user\.m2\repository\com\github\almasb\fxgl-gameplay\17.3\fxgl-gameplay-17.3.jar;C:\Users\user\.m2\repository\com\github\almasb\fxgl\17.3\fxgl-17.3.jar;C:\Users\user\.m2\repository\com\github\almasb\fxgl-entity\17.3\fxgl-entity-17.3.jar;C:\Users\user\.m2\repository\com\fasterxml\jackson\core\jackson-databind\2.14.2\jackson-databind-2.14.2.jar;C:\Users\user\.m2\repository\com\github\almasb\fxgl-core\17.3\fxgl-core-17.3.jar;C:\Users\user\.m2\repository\org\openjfx\javafx-controls\17.0.6\javafx-controls-17.0.6-win.jar;C:\Users\user\.m2\repository\org\openjfx\javafx-swing\17.0.6\javafx-swing-17.0.6-win.jar;C:\Users\user\.m2\repository\com\gluonhq\attach\lifecycle\4.0.17\lifecycle-4.0.17.jar;C:\Users\user\Desktop\OOP_LIBRARY_PROJECT\target\classes;C:\Users\user\.m2\repository\org\kordamp\bootstrapfx\bootstrapfx-core\0.4.0\bootstrapfx-core-0.4.0.jar;C:\Users\user\.m2\repository\com\github\almasb\fxgl-io\17.3\fxgl-io-17.3.jar;C:\Users\user\.m2\repository\eu\hansolo\tilesfx\21.0.3\tilesfx-21.0.3.jar;C:\Users\user\.m2\repository\com\gluonhq\attach\util\4.0.17\util-4.0.17.jar;C:\Users\user\.m2\repository\org\jetbrains\kotlin\kotlin-stdlib\1.8.10\kotlin-stdlib-1.8.10.jar;C:\Users\user\.m2\repository\org\kordamp\ikonli\ikonli-core\12.3.1\ikonli-core-12.3.1.jar;C:\Users\user\.m2\repository\com\gluonhq\attach\storage\4.0.17\storage-4.0.17.jar;C:\Users\user\.m2\repository\net\synedra\validatorfx\0.5.0\validatorfx-0.5.0.jar;C:-Djdk.module.main=java.oop_library_project java.oop_library_project/app.Main

Host: 11th Gen Intel(R) Core(TM) i5-1135G7 @ 2.40GHz, 8 cores, 7G,  Windows 11 , 64 bit Build 22621 (10.0.22621.5124)
Time: Fri Apr 11 16:44:03 2025 SE Asia Standard Time elapsed time: 5.533912 seconds (0d 0h 0m 5s)

---------------  T H R E A D  ---------------

Current thread (0x000001f87bd17090):  JavaThread "C2 CompilerThread0" daemon [_thread_in_native, id=23468, stack(0x0000006070f00000,0x0000006071000000) (1024K)]


Current CompileTask:
C2:5534 2224       4       java.lang.invoke.MethodType::makeImpl (109 bytes)

Stack: [0x0000006070f00000,0x0000006071000000]
Native frames: (J=compiled Java code, j=interpreted, Vv=VM code, C=native code)
V  [jvm.dll+0x6e0b99]  (no source info available)
V  [jvm.dll+0x87e2b3]  (no source info available)
V  [jvm.dll+0x88073e]  (no source info available)
V  [jvm.dll+0x880e13]  (no source info available)
V  [jvm.dll+0x27b006]  (no source info available)
V  [jvm.dll+0xbc06f]  (no source info available)
V  [jvm.dll+0xbc2cb]  (no source info available)
V  [jvm.dll+0x3b3c5c]  (no source info available)
V  [jvm.dll+0x38a55b]  (no source info available)
V  [jvm.dll+0x3899ca]  (no source info available)
V  [jvm.dll+0x244ba1]  (no source info available)
V  [jvm.dll+0x243eff]  (no source info available)
V  [jvm.dll+0x1c34b0]  (no source info available)
V  [jvm.dll+0x253df1]  (no source info available)
V  [jvm.dll+0x2520aa]  (no source info available)
V  [jvm.dll+0x3ee226]  (no source info available)
V  [jvm.dll+0x8254cb]  (no source info available)
V  [jvm.dll+0x6df345]  (no source info available)
C  [ucrtbase.dll+0x29333]  (no source info available)
C  [KERNEL32.DLL+0x1259d]  (no source info available)
C  [ntdll.dll+0x5af38]  (no source info available)

Lock stack of current Java thread (top to bottom):


---------------  P R O C E S S  ---------------

Threads class SMR info:
_java_thread_list=0x000001f8463abdc0, length=19, elements={
0x000001f85cd383d0, 0x000001f87bcd4b90, 0x000001f87bcd5b50, 0x000001f87bcdaed0,
0x000001f87bcdbdb0, 0x000001f87bce59e0, 0x000001f87bd07ee0, 0x000001f87bd17090,
0x000001f87bd17c70, 0x000001f87bd0acd0, 0x000001f87bd08570, 0x000001f87bd09920,
0x000001f87bd08c00, 0x000001f87bd09290, 0x000001f87bd09fb0, 0x000001f87bd07850,
0x000001f8466a6650, 0x000001f8466a8db0, 0x000001f8466a9ad0
}

Java Threads: ( => current thread )
  0x000001f85cd383d0 JavaThread "main"                              [_thread_blocked, id=25992, stack(0x0000006070100000,0x0000006070200000) (1024K)]
  0x000001f87bcd4b90 JavaThread "Reference Handler"          daemon [_thread_blocked, id=4120, stack(0x0000006070900000,0x0000006070a00000) (1024K)]
  0x000001f87bcd5b50 JavaThread "Finalizer"                  daemon [_thread_blocked, id=5504, stack(0x0000006070a00000,0x0000006070b00000) (1024K)]
  0x000001f87bcdaed0 JavaThread "Signal Dispatcher"          daemon [_thread_blocked, id=14312, stack(0x0000006070b00000,0x0000006070c00000) (1024K)]
  0x000001f87bcdbdb0 JavaThread "Attach Listener"            daemon [_thread_blocked, id=2648, stack(0x0000006070c00000,0x0000006070d00000) (1024K)]
  0x000001f87bce59e0 JavaThread "Service Thread"             daemon [_thread_blocked, id=12972, stack(0x0000006070d00000,0x0000006070e00000) (1024K)]
  0x000001f87bd07ee0 JavaThread "Monitor Deflation Thread"   daemon [_thread_blocked, id=19780, stack(0x0000006070e00000,0x0000006070f00000) (1024K)]
=>0x000001f87bd17090 JavaThread "C2 CompilerThread0"         daemon [_thread_in_native, id=23468, stack(0x0000006070f00000,0x0000006071000000) (1024K)]
  0x000001f87bd17c70 JavaThread "C1 CompilerThread0"         daemon [_thread_blocked, id=23964, stack(0x0000006071000000,0x0000006071100000) (1024K)]
  0x000001f87bd0acd0 JavaThread "Common-Cleaner"             daemon [_thread_blocked, id=9916, stack(0x0000006071100000,0x0000006071200000) (1024K)]
  0x000001f87bd08570 JavaThread "Monitor Ctrl-Break"         daemon [_thread_in_native, id=25840, stack(0x0000006071400000,0x0000006071500000) (1024K)]
  0x000001f87bd09920 JavaThread "Notification Thread"        daemon [_thread_blocked, id=26548, stack(0x0000006071500000,0x0000006071600000) (1024K)]
  0x000001f87bd08c00 JavaThread "QuantumRenderer-0"          daemon [_thread_blocked, id=9604, stack(0x0000006071600000,0x0000006071700000) (1024K)]
  0x000001f87bd09290 JavaThread "InvokeLaterDispatcher"      daemon [_thread_blocked, id=21864, stack(0x0000006071200000,0x0000006071300000) (1024K)]
  0x000001f87bd09fb0 JavaThread "JavaFX Application Thread"         [_thread_in_native, id=11080, stack(0x0000006071300000,0x0000006071400000) (1024K)]
  0x000001f87bd07850 JavaThread "Thread-1"                   daemon [_thread_in_native, id=24252, stack(0x0000006071f00000,0x0000006072000000) (1024K)]
  0x000001f8466a6650 JavaThread "JavaFX-Launcher"                   [_thread_blocked, id=24840, stack(0x0000006072000000,0x0000006072100000) (1024K)]
  0x000001f8466a8db0 JavaThread "Prism Font Disposer"        daemon [_thread_blocked, id=18968, stack(0x0000006072800000,0x0000006072900000) (1024K)]
  0x000001f8466a9ad0 JavaThread "Cleaner-0"                  daemon [_thread_blocked, id=23876, stack(0x0000006072100000,0x0000006072200000) (1024K)]
Total: 19

Other Threads:
  0x000001f87bcbd270 VMThread "VM Thread"                           [id=19720, stack(0x0000006070800000,0x0000006070900000) (1024K)]
  0x000001f87bca9de0 WatcherThread "VM Periodic Task Thread"        [id=14648, stack(0x0000006070700000,0x0000006070800000) (1024K)]
  0x000001f85f078db0 WorkerThread "GC Thread#0"                     [id=10868, stack(0x0000006070200000,0x0000006070300000) (1024K)]
  0x000001f8463f5550 WorkerThread "GC Thread#1"                     [id=25324, stack(0x0000006071700000,0x0000006071800000) (1024K)]
  0x000001f8463f5900 WorkerThread "GC Thread#2"                     [id=12300, stack(0x0000006071800000,0x0000006071900000) (1024K)]
  0x000001f8463f60c0 WorkerThread "GC Thread#3"                     [id=3908, stack(0x0000006071900000,0x0000006071a00000) (1024K)]
  0x000001f84641ef30 WorkerThread "GC Thread#4"                     [id=18772, stack(0x0000006071a00000,0x0000006071b00000) (1024K)]
  0x000001f84641f6f0 WorkerThread "GC Thread#5"                     [id=24424, stack(0x0000006071b00000,0x0000006071c00000) (1024K)]
  0x000001f8469ee2a0 WorkerThread "GC Thread#6"                     [id=2552, stack(0x0000006072300000,0x0000006072400000) (1024K)]
  0x000001f846c35800 WorkerThread "GC Thread#7"                     [id=19096, stack(0x0000006072400000,0x0000006072500000) (1024K)]
  0x000001f85f08d6a0 ConcurrentGCThread "G1 Main Marker"            [id=26408, stack(0x0000006070300000,0x0000006070400000) (1024K)]
  0x000001f85f08e1b0 WorkerThread "G1 Conc#0"                       [id=25672, stack(0x0000006070400000,0x0000006070500000) (1024K)]
  0x000001f87bb7f560 ConcurrentGCThread "G1 Refine#0"               [id=25940, stack(0x0000006070500000,0x0000006070600000) (1024K)]
  0x000001f87bb80c10 ConcurrentGCThread "G1 Service"                [id=26336, stack(0x0000006070600000,0x0000006070700000) (1024K)]
Total: 14

Threads with active compile tasks:
C2 CompilerThread0  5617 2224       4       java.lang.invoke.MethodType::makeImpl (109 bytes)
Total: 1

VM state: not at safepoint (normal execution)

VM Mutex/Monitor currently owned by a thread: None

Heap address: 0x0000000083a00000, size: 1990 MB, Compressed Oops mode: 32-bit

CDS archive(s) mapped at: [0x000001f800000000-0x000001f800d70000-0x000001f800d70000), size 14090240, SharedBaseAddress: 0x000001f800000000, ArchiveRelocationMode: 1.
Compressed class space mapped at: 0x000001f801000000-0x000001f841000000, reserved size: 1073741824
Narrow klass base: 0x000001f800000000, Narrow klass shift: 0, Narrow klass range: 0x41000000

GC Precious Log:
 CardTable entry size: 512
 Card Set container configuration: InlinePtr #cards 5 size 8 Array Of Cards #cards 10 size 36 Howl #buckets 4 coarsen threshold 1843 Howl Bitmap #cards 512 size 80 coarsen threshold 460 Card regions per heap region 1 cards per card region 2048
 CPUs: 8 total, 8 available
 Memory: 7957M
 Large Page Support: Disabled
 NUMA Support: Disabled
 Compressed Oops: Enabled (32-bit)
 Heap Region Size: 1M
 Heap Min Capacity: 8M
 Heap Initial Capacity: 126M
 Heap Max Capacity: 1990M
 Pre-touch: Disabled
 Parallel Workers: 8
 Concurrent Workers: 2
 Concurrent Refinement Workers: 8
 Periodic GC: Disabled

Heap:
 garbage-first heap   total reserved 2037760K, committed 129024K, used 33856K [0x0000000083a00000, 0x0000000100000000)
  region size 1024K, 30 young (30720K), 4 survivors (4096K)
 Metaspace       used 15508K, committed 15872K, reserved 1114112K
  class space    used 2291K, committed 2432K, reserved 1048576K

Heap Regions: E=young(eden), S=young(survivor), O=old, HS=humongous(starts), HC=humongous(continues), CS=collection set, F=free, TAMS=top-at-mark-start, PB=parsable bottom
|   0|0x0000000083a00000, 0x0000000083b00000, 0x0000000083b00000|100%| O|  |TAMS 0x0000000083a00000| PB 0x0000000083a00000| Untracked |  0
|   1|0x0000000083b00000, 0x0000000083c00000, 0x0000000083c00000|100%| O|  |TAMS 0x0000000083b00000| PB 0x0000000083b00000| Untracked |  0
|   2|0x0000000083c00000, 0x0000000083d00000, 0x0000000083d00000|100%| O|  |TAMS 0x0000000083c00000| PB 0x0000000083c00000| Untracked |  0
|   3|0x0000000083d00000, 0x0000000083d10200, 0x0000000083e00000|  6%| O|  |TAMS 0x0000000083d00000| PB 0x0000000083d00000| Untracked |  0
|   4|0x0000000083e00000, 0x0000000083f00000, 0x0000000083f00000|100%|HS|  |TAMS 0x0000000083e00000| PB 0x0000000083e00000| Complete |  0
|   5|0x0000000083f00000, 0x0000000084000000, 0x0000000084000000|100%|HC|  |TAMS 0x0000000083f00000| PB 0x0000000083f00000| Complete |  0
|   6|0x0000000084000000, 0x0000000084000000, 0x0000000084100000|  0%| F|  |TAMS 0x0000000084000000| PB 0x0000000084000000| Untracked |  0
|   7|0x0000000084100000, 0x0000000084100000, 0x0000000084200000|  0%| F|  |TAMS 0x0000000084100000| PB 0x0000000084100000| Untracked |  0
|   8|0x0000000084200000, 0x0000000084200000, 0x0000000084300000|  0%| F|  |TAMS 0x0000000084200000| PB 0x0000000084200000| Untracked |  0
|   9|0x0000000084300000, 0x0000000084300000, 0x0000000084400000|  0%| F|  |TAMS 0x0000000084300000| PB 0x0000000084300000| Untracked |  0
|  10|0x0000000084400000, 0x0000000084400000, 0x0000000084500000|  0%| F|  |TAMS 0x0000000084400000| PB 0x0000000084400000| Untracked |  0
|  11|0x0000000084500000, 0x0000000084500000, 0x0000000084600000|  0%| F|  |TAMS 0x0000000084500000| PB 0x0000000084500000| Untracked |  0
|  12|0x0000000084600000, 0x0000000084600000, 0x0000000084700000|  0%| F|  |TAMS 0x0000000084600000| PB 0x0000000084600000| Untracked |  0
|  13|0x0000000084700000, 0x0000000084700000, 0x0000000084800000|  0%| F|  |TAMS 0x0000000084700000| PB 0x0000000084700000| Untracked |  0
|  14|0x0000000084800000, 0x0000000084800000, 0x0000000084900000|  0%| F|  |TAMS 0x0000000084800000| PB 0x0000000084800000| Untracked |  0
|  15|0x0000000084900000, 0x0000000084900000, 0x0000000084a00000|  0%| F|  |TAMS 0x0000000084900000| PB 0x0000000084900000| Untracked |  0
|  16|0x0000000084a00000, 0x0000000084a00000, 0x0000000084b00000|  0%| F|  |TAMS 0x0000000084a00000| PB 0x0000000084a00000| Untracked |  0
|  17|0x0000000084b00000, 0x0000000084b00000, 0x0000000084c00000|  0%| F|  |TAMS 0x0000000084b00000| PB 0x0000000084b00000| Untracked |  0
|  18|0x0000000084c00000, 0x0000000084c00000, 0x0000000084d00000|  0%| F|  |TAMS 0x0000000084c00000| PB 0x0000000084c00000| Untracked |  0
|  19|0x0000000084d00000, 0x0000000084d00000, 0x0000000084e00000|  0%| F|  |TAMS 0x0000000084d00000| PB 0x0000000084d00000| Untracked |  0
|  20|0x0000000084e00000, 0x0000000084e00000, 0x0000000084f00000|  0%| F|  |TAMS 0x0000000084e00000| PB 0x0000000084e00000| Untracked |  0
|  21|0x0000000084f00000, 0x0000000084f00000, 0x0000000085000000|  0%| F|  |TAMS 0x0000000084f00000| PB 0x0000000084f00000| Untracked |  0
|  22|0x0000000085000000, 0x0000000085000000, 0x0000000085100000|  0%| F|  |TAMS 0x0000000085000000| PB 0x0000000085000000| Untracked |  0
|  23|0x0000000085100000, 0x0000000085100000, 0x0000000085200000|  0%| F|  |TAMS 0x0000000085100000| PB 0x0000000085100000| Untracked |  0
|  24|0x0000000085200000, 0x0000000085200000, 0x0000000085300000|  0%| F|  |TAMS 0x0000000085200000| PB 0x0000000085200000| Untracked |  0
|  25|0x0000000085300000, 0x0000000085300000, 0x0000000085400000|  0%| F|  |TAMS 0x0000000085300000| PB 0x0000000085300000| Untracked |  0
|  26|0x0000000085400000, 0x0000000085400000, 0x0000000085500000|  0%| F|  |TAMS 0x0000000085400000| PB 0x0000000085400000| Untracked |  0
|  27|0x0000000085500000, 0x0000000085500000, 0x0000000085600000|  0%| F|  |TAMS 0x0000000085500000| PB 0x0000000085500000| Untracked |  0
|  28|0x0000000085600000, 0x0000000085600000, 0x0000000085700000|  0%| F|  |TAMS 0x0000000085600000| PB 0x0000000085600000| Untracked |  0
|  29|0x0000000085700000, 0x0000000085700000, 0x0000000085800000|  0%| F|  |TAMS 0x0000000085700000| PB 0x0000000085700000| Untracked |  0
|  30|0x0000000085800000, 0x0000000085800000, 0x0000000085900000|  0%| F|  |TAMS 0x0000000085800000| PB 0x0000000085800000| Untracked |  0
|  31|0x0000000085900000, 0x0000000085900000, 0x0000000085a00000|  0%| F|  |TAMS 0x0000000085900000| PB 0x0000000085900000| Untracked |  0
|  32|0x0000000085a00000, 0x0000000085a00000, 0x0000000085b00000|  0%| F|  |TAMS 0x0000000085a00000| PB 0x0000000085a00000| Untracked |  0
|  33|0x0000000085b00000, 0x0000000085b00000, 0x0000000085c00000|  0%| F|  |TAMS 0x0000000085b00000| PB 0x0000000085b00000| Untracked |  0
|  34|0x0000000085c00000, 0x0000000085c00000, 0x0000000085d00000|  0%| F|  |TAMS 0x0000000085c00000| PB 0x0000000085c00000| Untracked |  0
|  35|0x0000000085d00000, 0x0000000085d00000, 0x0000000085e00000|  0%| F|  |TAMS 0x0000000085d00000| PB 0x0000000085d00000| Untracked |  0
|  36|0x0000000085e00000, 0x0000000085e00000, 0x0000000085f00000|  0%| F|  |TAMS 0x0000000085e00000| PB 0x0000000085e00000| Untracked |  0
|  37|0x0000000085f00000, 0x0000000085f00000, 0x0000000086000000|  0%| F|  |TAMS 0x0000000085f00000| PB 0x0000000085f00000| Untracked |  0
|  38|0x0000000086000000, 0x0000000086000000, 0x0000000086100000|  0%| F|  |TAMS 0x0000000086000000| PB 0x0000000086000000| Untracked |  0
|  39|0x0000000086100000, 0x0000000086100000, 0x0000000086200000|  0%| F|  |TAMS 0x0000000086100000| PB 0x0000000086100000| Untracked |  0
|  40|0x0000000086200000, 0x0000000086200000, 0x0000000086300000|  0%| F|  |TAMS 0x0000000086200000| PB 0x0000000086200000| Untracked |  0
|  41|0x0000000086300000, 0x0000000086300000, 0x0000000086400000|  0%| F|  |TAMS 0x0000000086300000| PB 0x0000000086300000| Untracked |  0
|  42|0x0000000086400000, 0x0000000086400000, 0x0000000086500000|  0%| F|  |TAMS 0x0000000086400000| PB 0x0000000086400000| Untracked |  0
|  43|0x0000000086500000, 0x0000000086500000, 0x0000000086600000|  0%| F|  |TAMS 0x0000000086500000| PB 0x0000000086500000| Untracked |  0
|  44|0x0000000086600000, 0x0000000086600000, 0x0000000086700000|  0%| F|  |TAMS 0x0000000086600000| PB 0x0000000086600000| Untracked |  0
|  45|0x0000000086700000, 0x0000000086700000, 0x0000000086800000|  0%| F|  |TAMS 0x0000000086700000| PB 0x0000000086700000| Untracked |  0
|  46|0x0000000086800000, 0x0000000086800000, 0x0000000086900000|  0%| F|  |TAMS 0x0000000086800000| PB 0x0000000086800000| Untracked |  0
|  47|0x0000000086900000, 0x0000000086900000, 0x0000000086a00000|  0%| F|  |TAMS 0x0000000086900000| PB 0x0000000086900000| Untracked |  0
|  48|0x0000000086a00000, 0x0000000086a00000, 0x0000000086b00000|  0%| F|  |TAMS 0x0000000086a00000| PB 0x0000000086a00000| Untracked |  0
|  49|0x0000000086b00000, 0x0000000086b00000, 0x0000000086c00000|  0%| F|  |TAMS 0x0000000086b00000| PB 0x0000000086b00000| Untracked |  0
|  50|0x0000000086c00000, 0x0000000086c00000, 0x0000000086d00000|  0%| F|  |TAMS 0x0000000086c00000| PB 0x0000000086c00000| Untracked |  0
|  51|0x0000000086d00000, 0x0000000086d00000, 0x0000000086e00000|  0%| F|  |TAMS 0x0000000086d00000| PB 0x0000000086d00000| Untracked |  0
|  52|0x0000000086e00000, 0x0000000086e00000, 0x0000000086f00000|  0%| F|  |TAMS 0x0000000086e00000| PB 0x0000000086e00000| Untracked |  0
|  53|0x0000000086f00000, 0x0000000086f00000, 0x0000000087000000|  0%| F|  |TAMS 0x0000000086f00000| PB 0x0000000086f00000| Untracked |  0
|  54|0x0000000087000000, 0x0000000087000000, 0x0000000087100000|  0%| F|  |TAMS 0x0000000087000000| PB 0x0000000087000000| Untracked |  0
|  55|0x0000000087100000, 0x0000000087100000, 0x0000000087200000|  0%| F|  |TAMS 0x0000000087100000| PB 0x0000000087100000| Untracked |  0
|  56|0x0000000087200000, 0x0000000087200000, 0x0000000087300000|  0%| F|  |TAMS 0x0000000087200000| PB 0x0000000087200000| Untracked |  0
|  57|0x0000000087300000, 0x0000000087300000, 0x0000000087400000|  0%| F|  |TAMS 0x0000000087300000| PB 0x0000000087300000| Untracked |  0
|  58|0x0000000087400000, 0x0000000087400000, 0x0000000087500000|  0%| F|  |TAMS 0x0000000087400000| PB 0x0000000087400000| Untracked |  0
|  59|0x0000000087500000, 0x0000000087500000, 0x0000000087600000|  0%| F|  |TAMS 0x0000000087500000| PB 0x0000000087500000| Untracked |  0
|  60|0x0000000087600000, 0x0000000087600000, 0x0000000087700000|  0%| F|  |TAMS 0x0000000087600000| PB 0x0000000087600000| Untracked |  0
|  61|0x0000000087700000, 0x0000000087700000, 0x0000000087800000|  0%| F|  |TAMS 0x0000000087700000| PB 0x0000000087700000| Untracked |  0
|  62|0x0000000087800000, 0x0000000087800000, 0x0000000087900000|  0%| F|  |TAMS 0x0000000087800000| PB 0x0000000087800000| Untracked |  0
|  63|0x0000000087900000, 0x0000000087900000, 0x0000000087a00000|  0%| F|  |TAMS 0x0000000087900000| PB 0x0000000087900000| Untracked |  0
|  64|0x0000000087a00000, 0x0000000087a00000, 0x0000000087b00000|  0%| F|  |TAMS 0x0000000087a00000| PB 0x0000000087a00000| Untracked |  0
|  65|0x0000000087b00000, 0x0000000087b00000, 0x0000000087c00000|  0%| F|  |TAMS 0x0000000087b00000| PB 0x0000000087b00000| Untracked |  0
|  66|0x0000000087c00000, 0x0000000087c00000, 0x0000000087d00000|  0%| F|  |TAMS 0x0000000087c00000| PB 0x0000000087c00000| Untracked |  0
|  67|0x0000000087d00000, 0x0000000087d00000, 0x0000000087e00000|  0%| F|  |TAMS 0x0000000087d00000| PB 0x0000000087d00000| Untracked |  0
|  68|0x0000000087e00000, 0x0000000087e00000, 0x0000000087f00000|  0%| F|  |TAMS 0x0000000087e00000| PB 0x0000000087e00000| Untracked |  0
|  69|0x0000000087f00000, 0x0000000087f00000, 0x0000000088000000|  0%| F|  |TAMS 0x0000000087f00000| PB 0x0000000087f00000| Untracked |  0
|  70|0x0000000088000000, 0x0000000088000000, 0x0000000088100000|  0%| F|  |TAMS 0x0000000088000000| PB 0x0000000088000000| Untracked |  0
|  71|0x0000000088100000, 0x0000000088100000, 0x0000000088200000|  0%| F|  |TAMS 0x0000000088100000| PB 0x0000000088100000| Untracked |  0
|  72|0x0000000088200000, 0x0000000088200000, 0x0000000088300000|  0%| F|  |TAMS 0x0000000088200000| PB 0x0000000088200000| Untracked |  0
|  73|0x0000000088300000, 0x0000000088300000, 0x0000000088400000|  0%| F|  |TAMS 0x0000000088300000| PB 0x0000000088300000| Untracked |  0
|  74|0x0000000088400000, 0x0000000088400000, 0x0000000088500000|  0%| F|  |TAMS 0x0000000088400000| PB 0x0000000088400000| Untracked |  0
|  75|0x0000000088500000, 0x0000000088500000, 0x0000000088600000|  0%| F|  |TAMS 0x0000000088500000| PB 0x0000000088500000| Untracked |  0
|  76|0x0000000088600000, 0x0000000088600000, 0x0000000088700000|  0%| F|  |TAMS 0x0000000088600000| PB 0x0000000088600000| Untracked |  0
|  77|0x0000000088700000, 0x0000000088700000, 0x0000000088800000|  0%| F|  |TAMS 0x0000000088700000| PB 0x0000000088700000| Untracked |  0
|  78|0x0000000088800000, 0x0000000088800000, 0x0000000088900000|  0%| F|  |TAMS 0x0000000088800000| PB 0x0000000088800000| Untracked |  0
|  79|0x0000000088900000, 0x0000000088900000, 0x0000000088a00000|  0%| F|  |TAMS 0x0000000088900000| PB 0x0000000088900000| Untracked |  0
|  80|0x0000000088a00000, 0x0000000088a00000, 0x0000000088b00000|  0%| F|  |TAMS 0x0000000088a00000| PB 0x0000000088a00000| Untracked |  0
|  81|0x0000000088b00000, 0x0000000088b00000, 0x0000000088c00000|  0%| F|  |TAMS 0x0000000088b00000| PB 0x0000000088b00000| Untracked |  0
|  82|0x0000000088c00000, 0x0000000088c00000, 0x0000000088d00000|  0%| F|  |TAMS 0x0000000088c00000| PB 0x0000000088c00000| Untracked |  0
|  83|0x0000000088d00000, 0x0000000088d00000, 0x0000000088e00000|  0%| F|  |TAMS 0x0000000088d00000| PB 0x0000000088d00000| Untracked |  0
|  84|0x0000000088e00000, 0x0000000088e00000, 0x0000000088f00000|  0%| F|  |TAMS 0x0000000088e00000| PB 0x0000000088e00000| Untracked |  0
|  85|0x0000000088f00000, 0x0000000088f00000, 0x0000000089000000|  0%| F|  |TAMS 0x0000000088f00000| PB 0x0000000088f00000| Untracked |  0
|  86|0x0000000089000000, 0x0000000089000000, 0x0000000089100000|  0%| F|  |TAMS 0x0000000089000000| PB 0x0000000089000000| Untracked |  0
|  87|0x0000000089100000, 0x0000000089100000, 0x0000000089200000|  0%| F|  |TAMS 0x0000000089100000| PB 0x0000000089100000| Untracked |  0
|  88|0x0000000089200000, 0x0000000089200000, 0x0000000089300000|  0%| F|  |TAMS 0x0000000089200000| PB 0x0000000089200000| Untracked |  0
|  89|0x0000000089300000, 0x0000000089300000, 0x0000000089400000|  0%| F|  |TAMS 0x0000000089300000| PB 0x0000000089300000| Untracked |  0
|  90|0x0000000089400000, 0x0000000089400000, 0x0000000089500000|  0%| F|  |TAMS 0x0000000089400000| PB 0x0000000089400000| Untracked |  0
|  91|0x0000000089500000, 0x0000000089500000, 0x0000000089600000|  0%| F|  |TAMS 0x0000000089500000| PB 0x0000000089500000| Untracked |  0
|  92|0x0000000089600000, 0x0000000089600000, 0x0000000089700000|  0%| F|  |TAMS 0x0000000089600000| PB 0x0000000089600000| Untracked |  0
|  93|0x0000000089700000, 0x0000000089700000, 0x0000000089800000|  0%| F|  |TAMS 0x0000000089700000| PB 0x0000000089700000| Untracked |  0
|  94|0x0000000089800000, 0x0000000089900000, 0x0000000089900000|100%| S|CS|TAMS 0x0000000089800000| PB 0x0000000089800000| Complete |  0
|  95|0x0000000089900000, 0x0000000089a00000, 0x0000000089a00000|100%| S|CS|TAMS 0x0000000089900000| PB 0x0000000089900000| Complete |  0
|  96|0x0000000089a00000, 0x0000000089b00000, 0x0000000089b00000|100%| S|CS|TAMS 0x0000000089a00000| PB 0x0000000089a00000| Complete |  0
|  97|0x0000000089b00000, 0x0000000089c00000, 0x0000000089c00000|100%| S|CS|TAMS 0x0000000089b00000| PB 0x0000000089b00000| Complete |  0
|  98|0x0000000089c00000, 0x0000000089c00000, 0x0000000089d00000|  0%| F|  |TAMS 0x0000000089c00000| PB 0x0000000089c00000| Untracked |  0
|  99|0x0000000089d00000, 0x0000000089d00000, 0x0000000089e00000|  0%| F|  |TAMS 0x0000000089d00000| PB 0x0000000089d00000| Untracked |  0
| 100|0x0000000089e00000, 0x0000000089ecc6b8, 0x0000000089f00000| 79%| E|  |TAMS 0x0000000089e00000| PB 0x0000000089e00000| Complete |  0
| 101|0x0000000089f00000, 0x000000008a000000, 0x000000008a000000|100%| E|CS|TAMS 0x0000000089f00000| PB 0x0000000089f00000| Complete |  0
| 102|0x000000008a000000, 0x000000008a100000, 0x000000008a100000|100%| E|CS|TAMS 0x000000008a000000| PB 0x000000008a000000| Complete |  0
| 103|0x000000008a100000, 0x000000008a200000, 0x000000008a200000|100%| E|CS|TAMS 0x000000008a100000| PB 0x000000008a100000| Complete |  0
| 104|0x000000008a200000, 0x000000008a300000, 0x000000008a300000|100%| E|  |TAMS 0x000000008a200000| PB 0x000000008a200000| Complete |  0
| 105|0x000000008a300000, 0x000000008a400000, 0x000000008a400000|100%| E|CS|TAMS 0x000000008a300000| PB 0x000000008a300000| Complete |  0
| 106|0x000000008a400000, 0x000000008a500000, 0x000000008a500000|100%| E|CS|TAMS 0x000000008a400000| PB 0x000000008a400000| Complete |  0
| 107|0x000000008a500000, 0x000000008a600000, 0x000000008a600000|100%| E|CS|TAMS 0x000000008a500000| PB 0x000000008a500000| Complete |  0
| 108|0x000000008a600000, 0x000000008a700000, 0x000000008a700000|100%| E|CS|TAMS 0x000000008a600000| PB 0x000000008a600000| Complete |  0
| 109|0x000000008a700000, 0x000000008a800000, 0x000000008a800000|100%| E|CS|TAMS 0x000000008a700000| PB 0x000000008a700000| Complete |  0
| 110|0x000000008a800000, 0x000000008a900000, 0x000000008a900000|100%| E|CS|TAMS 0x000000008a800000| PB 0x000000008a800000| Complete |  0
| 111|0x000000008a900000, 0x000000008aa00000, 0x000000008aa00000|100%| E|CS|TAMS 0x000000008a900000| PB 0x000000008a900000| Complete |  0
| 112|0x000000008aa00000, 0x000000008ab00000, 0x000000008ab00000|100%| E|CS|TAMS 0x000000008aa00000| PB 0x000000008aa00000| Complete |  0
| 113|0x000000008ab00000, 0x000000008ac00000, 0x000000008ac00000|100%| E|CS|TAMS 0x000000008ab00000| PB 0x000000008ab00000| Complete |  0
| 114|0x000000008ac00000, 0x000000008ad00000, 0x000000008ad00000|100%| E|CS|TAMS 0x000000008ac00000| PB 0x000000008ac00000| Complete |  0
| 115|0x000000008ad00000, 0x000000008ae00000, 0x000000008ae00000|100%| E|CS|TAMS 0x000000008ad00000| PB 0x000000008ad00000| Complete |  0
| 116|0x000000008ae00000, 0x000000008af00000, 0x000000008af00000|100%| E|CS|TAMS 0x000000008ae00000| PB 0x000000008ae00000| Complete |  0
| 117|0x000000008af00000, 0x000000008b000000, 0x000000008b000000|100%| E|CS|TAMS 0x000000008af00000| PB 0x000000008af00000| Complete |  0
| 118|0x000000008b000000, 0x000000008b100000, 0x000000008b100000|100%| E|CS|TAMS 0x000000008b000000| PB 0x000000008b000000| Complete |  0
| 119|0x000000008b100000, 0x000000008b200000, 0x000000008b200000|100%| E|CS|TAMS 0x000000008b100000| PB 0x000000008b100000| Complete |  0
| 120|0x000000008b200000, 0x000000008b300000, 0x000000008b300000|100%| E|CS|TAMS 0x000000008b200000| PB 0x000000008b200000| Complete |  0
| 121|0x000000008b300000, 0x000000008b400000, 0x000000008b400000|100%| E|CS|TAMS 0x000000008b300000| PB 0x000000008b300000| Complete |  0
| 122|0x000000008b400000, 0x000000008b500000, 0x000000008b500000|100%| E|CS|TAMS 0x000000008b400000| PB 0x000000008b400000| Complete |  0
| 123|0x000000008b500000, 0x000000008b600000, 0x000000008b600000|100%| E|CS|TAMS 0x000000008b500000| PB 0x000000008b500000| Complete |  0
| 124|0x000000008b600000, 0x000000008b700000, 0x000000008b700000|100%| E|CS|TAMS 0x000000008b600000| PB 0x000000008b600000| Complete |  0
| 125|0x000000008b700000, 0x000000008b800000, 0x000000008b800000|100%| E|CS|TAMS 0x000000008b700000| PB 0x000000008b700000| Complete |  0

Card table byte_map: [0x000001f876fa0000,0x000001f877390000] _byte_map_base: 0x000001f876b83000

Marking Bits: (CMBitMap*) 0x000001f85f0794c0
 Bits: [0x000001f877390000, 0x000001f8792a8000)

Polling page: 0x000001f85ceb0000

Metaspace:

Usage:
  Non-class:     12.92 MB used.
      Class:      2.24 MB used.
       Both:     15.16 MB used.

Virtual space:
  Non-class space:       64.00 MB reserved,      13.12 MB ( 21%) committed,  1 nodes.
      Class space:        1.00 GB reserved,       2.38 MB ( <1%) committed,  1 nodes.
             Both:        1.06 GB reserved,      15.50 MB (  1%) committed. 

Chunk freelists:
   Non-Class:  2.03 MB
       Class:  13.50 MB
        Both:  15.53 MB

MaxMetaspaceSize: unlimited
CompressedClassSpaceSize: 1.00 GB
Initial GC threshold: 21.00 MB
Current GC threshold: 21.00 MB
CDS: on
 - commit_granule_bytes: 65536.
 - commit_granule_words: 8192.
 - virtual_space_node_default_size: 8388608.
 - enlarge_chunks_in_place: 1.
 - use_allocation_guard: 0.


Internal statistics:

num_allocs_failed_limit: 0.
num_arena_births: 320.
num_arena_deaths: 0.
num_vsnodes_births: 2.
num_vsnodes_deaths: 0.
num_space_committed: 248.
num_space_uncommitted: 0.
num_chunks_returned_to_freelist: 0.
num_chunks_taken_from_freelist: 757.
num_chunk_merges: 0.
num_chunk_splits: 522.
num_chunks_enlarged: 394.
num_inconsistent_stats: 0.

CodeHeap 'non-profiled nmethods': size=120064Kb used=777Kb max_used=777Kb free=119286Kb
 bounds [0x000001f86f220000, 0x000001f86f490000, 0x000001f876760000]
CodeHeap 'profiled nmethods': size=120000Kb used=2958Kb max_used=2958Kb free=117041Kb
 bounds [0x000001f867760000, 0x000001f867a50000, 0x000001f86ec90000]
CodeHeap 'non-nmethods': size=5696Kb used=1986Kb max_used=1999Kb free=3710Kb
 bounds [0x000001f86ec90000, 0x000001f86ef00000, 0x000001f86f220000]
CodeCache: size=245760Kb, used=5721Kb, max_used=5734Kb, free=240037Kb
 total_blobs=3096, nmethods=2269, adapters=732, full_count=0
Compilation: enabled, stopped_count=0, restarted_count=0

Compilation events (20 events):
Event: 5.459 Thread 0x000001f87bd17c70 2256       3       java.lang.Math::round (70 bytes)
Event: 5.460 Thread 0x000001f87bd17c70 nmethod 2256 0x000001f867a40a08 code [0x000001f867a40b40, 0x000001f867a40d60]
Event: 5.460 Thread 0x000001f87bd17c70 2257       1       java.util.Collections$EmptyIterator::hasNext (2 bytes)
Event: 5.460 Thread 0x000001f87bd17c70 nmethod 2257 0x000001f86f2e1408 code [0x000001f86f2e1520, 0x000001f86f2e15e8]
Event: 5.460 Thread 0x000001f87bd17c70 2258       1       com.sun.javafx.event.CompositeEventHandler$NormalEventHandlerRecord::isFilter (2 bytes)
Event: 5.460 Thread 0x000001f87bd17c70 nmethod 2258 0x000001f86f2e1708 code [0x000001f86f2e1820, 0x000001f86f2e18e8]
Event: 5.466 Thread 0x000001f87bd17c70 2259       3       com.sun.javafx.geom.transform.AffineBase::getType (33 bytes)
Event: 5.467 Thread 0x000001f87bd17c70 nmethod 2259 0x000001f867a40d88 code [0x000001f867a40ec0, 0x000001f867a411c0]
Event: 5.467 Thread 0x000001f87bd17c70 2260       1       com.sun.prism.impl.BaseTexture::getWrapMode (5 bytes)
Event: 5.467 Thread 0x000001f87bd17c70 nmethod 2260 0x000001f86f2e1a08 code [0x000001f86f2e1b20, 0x000001f86f2e1be8]
Event: 5.467 Thread 0x000001f87bd17c70 2262       1       com.sun.javafx.geom.transform.AffineBase::getMyt (5 bytes)
Event: 5.467 Thread 0x000001f87bd17c70 nmethod 2262 0x000001f86f2e1d08 code [0x000001f86f2e1e20, 0x000001f86f2e1ee8]
Event: 5.470 Thread 0x000001f87bd17c70 2263       1       com.sun.prism.impl.BaseGraphics::getCameraNoClone (5 bytes)
Event: 5.470 Thread 0x000001f87bd17c70 nmethod 2263 0x000001f86f2e2008 code [0x000001f86f2e2120, 0x000001f86f2e21e8]
Event: 5.470 Thread 0x000001f87bd17c70 2264       1       com.sun.prism.impl.BaseGraphics::isState3D (5 bytes)
Event: 5.470 Thread 0x000001f87bd17c70 nmethod 2264 0x000001f86f2e2308 code [0x000001f86f2e2420, 0x000001f86f2e24f0]
Event: 5.470 Thread 0x000001f87bd17c70 2265       3       com.sun.prism.impl.BaseTexture::assertLocked (8 bytes)
Event: 5.470 Thread 0x000001f87bd17c70 nmethod 2265 0x000001f867a41208 code [0x000001f867a41340, 0x000001f867a415c8]
Event: 5.470 Thread 0x000001f87bd17c70 2266       3       com.sun.javafx.geom.RectBounds::makeEmpty (5 bytes)
Event: 5.471 Thread 0x000001f87bd17c70 nmethod 2266 0x000001f867a41608 code [0x000001f867a41720, 0x000001f867a418a8]

GC Heap History (4 events):
Event: 0.880 GC heap before
{Heap before GC invocations=0 (full 0):
 garbage-first heap   total reserved 2037760K, committed 129024K, used 23552K [0x0000000083a00000, 0x0000000100000000)
  region size 1024K, 24 young (24576K), 0 survivors (0K)
 Metaspace       used 3556K, committed 3776K, reserved 1114112K
  class space    used 385K, committed 512K, reserved 1048576K
}
Event: 0.884 GC heap after
{Heap after GC invocations=1 (full 0):
 garbage-first heap   total reserved 2037760K, committed 129024K, used 2496K [0x0000000083a00000, 0x0000000100000000)
  region size 1024K, 3 young (3072K), 3 survivors (3072K)
 Metaspace       used 3556K, committed 3776K, reserved 1114112K
  class space    used 385K, committed 512K, reserved 1048576K
}
Event: 1.476 GC heap before
{Heap before GC invocations=1 (full 0):
 garbage-first heap   total reserved 2037760K, committed 129024K, used 27072K [0x0000000083a00000, 0x0000000100000000)
  region size 1024K, 28 young (28672K), 3 survivors (3072K)
 Metaspace       used 10257K, committed 10560K, reserved 1114112K
  class space    used 1337K, committed 1472K, reserved 1048576K
}
Event: 1.484 GC heap after
{Heap after GC invocations=2 (full 0):
 garbage-first heap   total reserved 2037760K, committed 129024K, used 7232K [0x0000000083a00000, 0x0000000100000000)
  region size 1024K, 4 young (4096K), 4 survivors (4096K)
 Metaspace       used 10257K, committed 10560K, reserved 1114112K
  class space    used 1337K, committed 1472K, reserved 1048576K
}

Dll operation events (20 events):
Event: 0.651 Loaded shared library C:\Users\user\.openjfx\cache\17.0.6\api-ms-win-crt-locale-l1-1-0.dll
Event: 0.656 Loaded shared library C:\Users\user\.openjfx\cache\17.0.6\api-ms-win-crt-math-l1-1-0.dll
Event: 0.659 Loaded shared library C:\Users\user\.openjfx\cache\17.0.6\api-ms-win-crt-multibyte-l1-1-0.dll
Event: 0.664 Loaded shared library C:\Users\user\.openjfx\cache\17.0.6\api-ms-win-crt-private-l1-1-0.dll
Event: 0.667 Loaded shared library C:\Users\user\.openjfx\cache\17.0.6\api-ms-win-crt-process-l1-1-0.dll
Event: 0.671 Loaded shared library C:\Users\user\.openjfx\cache\17.0.6\api-ms-win-crt-runtime-l1-1-0.dll
Event: 0.675 Loaded shared library C:\Users\user\.openjfx\cache\17.0.6\api-ms-win-crt-stdio-l1-1-0.dll
Event: 0.678 Loaded shared library C:\Users\user\.openjfx\cache\17.0.6\api-ms-win-crt-string-l1-1-0.dll
Event: 0.681 Loaded shared library C:\Users\user\.openjfx\cache\17.0.6\api-ms-win-crt-time-l1-1-0.dll
Event: 0.685 Loaded shared library C:\Users\user\.openjfx\cache\17.0.6\api-ms-win-crt-utility-l1-1-0.dll
Event: 0.709 Loaded shared library C:\Users\user\.openjfx\cache\17.0.6\ucrtbase.dll
Event: 0.714 Loaded shared library C:\Users\user\.openjfx\cache\17.0.6\vcruntime140.dll
Event: 0.719 Loaded shared library C:\Users\user\.openjfx\cache\17.0.6\vcruntime140_1.dll
Event: 0.731 Loaded shared library C:\Users\user\.openjfx\cache\17.0.6\msvcp140.dll
Event: 0.737 Loaded shared library C:\Users\user\.openjfx\cache\17.0.6\msvcp140_1.dll
Event: 0.744 Loaded shared library C:\Users\user\.openjfx\cache\17.0.6\msvcp140_2.dll
Event: 0.804 Loaded shared library C:\Users\user\.openjfx\cache\17.0.6\prism_d3d.dll
Event: 0.862 Loaded shared library C:\Users\user\.openjfx\cache\17.0.6\glass.dll
Event: 1.044 Loaded shared library C:\Program Files\Java\jdk-23\bin\jimage.dll
Event: 1.338 Loaded shared library C:\Users\user\.openjfx\cache\17.0.6\javafx_font.dll

Deoptimization events (20 events):
Event: 1.841 Thread 0x000001f87bd09fb0 Uncommon trap: trap_request=0xffffff45 fr.pc=0x000001f86f2a8480 relative=0x00000000000001e0
Event: 1.841 Thread 0x000001f87bd09fb0 Uncommon trap: reason=unstable_if action=reinterpret pc=0x000001f86f2a8480 method=java.io.ByteArrayInputStream.read()I @ 8 c2
Event: 1.841 Thread 0x000001f87bd09fb0 DEOPT PACKING pc=0x000001f86f2a8480 sp=0x00000060713fcd20
Event: 1.841 Thread 0x000001f87bd09fb0 DEOPT UNPACKING pc=0x000001f86ece7982 sp=0x00000060713fccc8 mode 2
Event: 1.905 Thread 0x000001f87bd08c00 Uncommon trap: trap_request=0xffffffde fr.pc=0x000001f86f2a2c1c relative=0x0000000000000b3c
Event: 1.905 Thread 0x000001f87bd08c00 Uncommon trap: reason=class_check action=maybe_recompile pc=0x000001f86f2a2c1c method=java.io.BufferedInputStream.implRead([BII)I @ 100 c2
Event: 1.905 Thread 0x000001f87bd08c00 DEOPT PACKING pc=0x000001f86f2a2c1c sp=0x00000060716fdef0
Event: 1.905 Thread 0x000001f87bd08c00 DEOPT UNPACKING pc=0x000001f86ece7982 sp=0x00000060716fded8 mode 2
Event: 1.905 Thread 0x000001f87bd08c00 Uncommon trap: trap_request=0xffffff45 fr.pc=0x000001f86f2a2970 relative=0x0000000000000890
Event: 1.905 Thread 0x000001f87bd08c00 Uncommon trap: reason=unstable_if action=reinterpret pc=0x000001f86f2a2970 method=java.io.BufferedInputStream.implRead([BII)I @ 55 c2
Event: 1.905 Thread 0x000001f87bd08c00 DEOPT PACKING pc=0x000001f86f2a2970 sp=0x00000060716fdef0
Event: 1.905 Thread 0x000001f87bd08c00 DEOPT UNPACKING pc=0x000001f86ece7982 sp=0x00000060716fded8 mode 2
Event: 5.418 Thread 0x000001f87bd09fb0 Uncommon trap: trap_request=0xffffff45 fr.pc=0x000001f86f29dc44 relative=0x0000000000000dc4
Event: 5.418 Thread 0x000001f87bd09fb0 Uncommon trap: reason=unstable_if action=reinterpret pc=0x000001f86f29dc44 method=java.util.concurrent.ConcurrentHashMap.putVal(Ljava/lang/Object;Ljava/lang/Object;Z)Ljava/lang/Object; @ 148 c2
Event: 5.418 Thread 0x000001f87bd09fb0 DEOPT PACKING pc=0x000001f86f29dc44 sp=0x00000060713fc690
Event: 5.418 Thread 0x000001f87bd09fb0 DEOPT UNPACKING pc=0x000001f86ece7982 sp=0x00000060713fc610 mode 2
Event: 5.431 Thread 0x000001f87bd08c00 DEOPT PACKING pc=0x000001f867a0818f sp=0x00000060716fe120
Event: 5.431 Thread 0x000001f87bd08c00 DEOPT UNPACKING pc=0x000001f86ece84c2 sp=0x00000060716fd4d8 mode 0
Event: 5.434 Thread 0x000001f87bd08c00 DEOPT PACKING pc=0x000001f867a20baf sp=0x00000060716fe460
Event: 5.434 Thread 0x000001f87bd08c00 DEOPT UNPACKING pc=0x000001f86ece84c2 sp=0x00000060716fd880 mode 0

Classes loaded (20 events):
Event: 2.745 Loading class java/util/EnumMap$EnumMapIterator done
Event: 2.745 Loading class java/util/EnumMap$ValueIterator done
Event: 5.399 Loading class java/io/UnsupportedEncodingException
Event: 5.399 Loading class java/io/UnsupportedEncodingException done
Event: 5.405 Loading class java/text/BreakIterator
Event: 5.405 Loading class java/text/BreakIterator done
Event: 5.406 Loading class sun/util/locale/provider/FallbackLocaleProviderAdapter
Event: 5.416 Loading class sun/util/locale/provider/FallbackLocaleProviderAdapter done
Event: 5.416 Loading class sun/util/locale/provider/BreakIteratorProviderImpl
Event: 5.417 Loading class sun/util/locale/provider/BreakIteratorProviderImpl done
Event: 5.417 Loading class sun/util/locale/provider/BaseLocaleDataMetaInfo
Event: 5.417 Loading class sun/util/locale/provider/BaseLocaleDataMetaInfo done
Event: 5.419 Loading class sun/util/locale/provider/BreakIteratorProviderImpl$GraphemeBreakIterator
Event: 5.420 Loading class sun/util/locale/provider/BreakIteratorProviderImpl$GraphemeBreakIterator done
Event: 5.420 Loading class java/text/StringCharacterIterator
Event: 5.420 Loading class java/text/StringCharacterIterator done
Event: 5.420 Loading class sun/util/locale/provider/BreakIteratorProviderImpl$CharacterIteratorCharSequence
Event: 5.420 Loading class sun/util/locale/provider/BreakIteratorProviderImpl$CharacterIteratorCharSequence done
Event: 5.420 Loading class java/text/BreakIterator$BreakIteratorCache
Event: 5.420 Loading class java/text/BreakIterator$BreakIteratorCache done

Classes unloaded (0 events):
No events

Classes redefined (0 events):
No events

Internal exceptions (20 events):
Event: 1.443 Thread 0x000001f87bd09fb0 Exception <a 'java/lang/NoSuchMethodError'{0x000000008a0c3d68}: 'void java.lang.invoke.DirectMethodHandle$Holder.invokeSpecial(java.lang.Object, java.lang.Object, double)'> (0x000000008a0c3d68) 
thrown [s\open\src\hotspot\share\interpreter\linkResolver.cpp, line 796]
Event: 1.444 Thread 0x000001f87bd09fb0 Exception <a 'java/lang/NoSuchMethodError'{0x000000008a0cebd8}: 'double java.lang.invoke.DelegatingMethodHandle$Holder.reinvoke_L(java.lang.Object, java.lang.Object, int)'> (0x000000008a0cebd8) 
thrown [s\open\src\hotspot\share\interpreter\linkResolver.cpp, line 796]
Event: 1.446 Thread 0x000001f87bd09fb0 Exception <a 'java/lang/NoSuchMethodError'{0x000000008a0e0a68}: 'java.lang.Object java.lang.invoke.DirectMethodHandle$Holder.invokeStatic(java.lang.Object, java.lang.Object, java.lang.Object, java.lang.Object, int)'> (0x000000008a0e0a68) 
thrown [s\open\src\hotspot\share\interpreter\linkResolver.cpp, line 796]
Event: 1.447 Thread 0x000001f87bd09fb0 Exception <a 'java/lang/NoSuchMethodError'{0x000000008a0ec100}: 'void java.lang.invoke.DelegatingMethodHandle$Holder.reinvoke_L(java.lang.Object, java.lang.Object, double)'> (0x000000008a0ec100) 
thrown [s\open\src\hotspot\share\interpreter\linkResolver.cpp, line 796]
Event: 1.449 Thread 0x000001f87bd09fb0 Exception <a 'java/lang/NoSuchMethodError'{0x000000008a0fdd08}: 'void java.lang.invoke.DirectMethodHandle$Holder.invokeSpecial(java.lang.Object, java.lang.Object, int)'> (0x000000008a0fdd08) 
thrown [s\open\src\hotspot\share\interpreter\linkResolver.cpp, line 796]
Event: 1.451 Thread 0x000001f87bd09fb0 Exception <a 'java/lang/NoSuchMethodError'{0x0000000089c08300}: 'void java.lang.invoke.DelegatingMethodHandle$Holder.reinvoke_L(java.lang.Object, java.lang.Object, int)'> (0x0000000089c08300) 
thrown [s\open\src\hotspot\share\interpreter\linkResolver.cpp, line 796]
Event: 1.453 Thread 0x000001f87bd09fb0 Exception <a 'java/lang/NoSuchMethodError'{0x0000000089c0f110}: 'int java.lang.invoke.DirectMethodHandle$Holder.invokeSpecial(java.lang.Object, java.lang.Object, java.lang.Object)'> (0x0000000089c0f110) 
thrown [s\open\src\hotspot\share\interpreter\linkResolver.cpp, line 796]
Event: 1.491 Thread 0x000001f87bd09fb0 Exception <a 'java/lang/NoSuchMethodError'{0x000000008b74f7a0}: 'void java.lang.invoke.Invokers$Holder.invokeExact_MT(java.lang.Object, java.lang.Object, java.lang.Object, java.lang.Object)'> (0x000000008b74f7a0) 
thrown [s\open\src\hotspot\share\interpreter\linkResolver.cpp, line 796]
Event: 1.695 Thread 0x000001f87bd09fb0 Exception <a 'java/lang/IncompatibleClassChangeError'{0x000000008ad4a2c0}: Found class java.lang.Object, but interface was expected> (0x000000008ad4a2c0) 
thrown [s\open\src\hotspot\share\interpreter\linkResolver.cpp, line 863]
Event: 1.742 Thread 0x000001f87bd09fb0 Exception <a 'java/lang/ClassNotFoundException'{0x000000008aa81060}: com/sun/javafx/scene/control/skin/resources/controls> (0x000000008aa81060) 
thrown [s\open\src\hotspot\share\prims\jni.cpp, line 539]
Event: 1.743 Thread 0x000001f87bd09fb0 Exception <a 'java/lang/ClassNotFoundException'{0x000000008aa8edd0}: com/sun/javafx/scene/control/skin/resources/controls_en> (0x000000008aa8edd0) 
thrown [s\open\src\hotspot\share\prims\jni.cpp, line 539]
Event: 1.743 Thread 0x000001f87bd09fb0 Exception <a 'java/lang/ClassNotFoundException'{0x000000008aa8fd78}: com/sun/javafx/scene/control/skin/resources/controls_en_US> (0x000000008aa8fd78) 
thrown [s\open\src\hotspot\share\prims\jni.cpp, line 539]
Event: 1.776 Thread 0x000001f87bd09fb0 Exception <a 'java/lang/NoSuchMethodError'{0x000000008a82f650}: 'void java.lang.invoke.DirectMethodHandle$Holder.invokeSpecial(java.lang.Object, java.lang.Object, java.lang.Object, java.lang.Object, java.lang.Object, java.lang.Object)'> (0x000000008a82f650) 
thrown [s\open\src\hotspot\share\interpreter\linkResolver.cpp, line 796]
Event: 1.846 Thread 0x000001f87bd09fb0 Exception <a 'java/lang/NoSuchMethodError'{0x000000008a470d30}: 'int java.lang.invoke.DirectMethodHandle$Holder.invokeSpecial(java.lang.Object, java.lang.Object, int)'> (0x000000008a470d30) 
thrown [s\open\src\hotspot\share\interpreter\linkResolver.cpp, line 796]
Event: 1.856 Thread 0x000001f87bd09fb0 Exception <a 'java/lang/NoSuchMethodError'{0x000000008a4aeb90}: 'java.lang.Object java.lang.invoke.DirectMethodHandle$Holder.newInvokeSpecial(java.lang.Object, java.lang.Object, int)'> (0x000000008a4aeb90) 
thrown [s\open\src\hotspot\share\interpreter\linkResolver.cpp, line 796]
Event: 1.884 Thread 0x000001f87bd08c00 Exception <a 'java/lang/NoSuchMethodError'{0x000000008a348760}: 'int java.lang.invoke.DirectMethodHandle$Holder.invokeStaticInit(java.lang.Object, java.lang.Object)'> (0x000000008a348760) 
thrown [s\open\src\hotspot\share\interpreter\linkResolver.cpp, line 796]
Event: 5.423 Thread 0x000001f87bd09fb0 Exception <a 'java/lang/NoSuchMethodError'{0x0000000089e52b48}: 'long java.lang.invoke.DirectMethodHandle$Holder.invokeStatic(java.lang.Object, java.lang.Object, java.lang.Object)'> (0x0000000089e52b48) 
thrown [s\open\src\hotspot\share\interpreter\linkResolver.cpp, line 796]
Event: 5.423 Thread 0x000001f87bd09fb0 Exception <a 'java/lang/NoSuchMethodError'{0x0000000089e561b8}: 'long java.lang.invoke.DirectMethodHandle$Holder.invokeStaticInit(java.lang.Object, java.lang.Object, java.lang.Object)'> (0x0000000089e561b8) 
thrown [s\open\src\hotspot\share\interpreter\linkResolver.cpp, line 796]
Event: 5.426 Thread 0x000001f87bd09fb0 Exception <a 'java/lang/NoSuchMethodError'{0x0000000089e6afe0}: 'java.lang.Object java.lang.invoke.DirectMethodHandle$Holder.newInvokeSpecial(java.lang.Object, java.lang.Object, long)'> (0x0000000089e6afe0) 
thrown [s\open\src\hotspot\share\interpreter\linkResolver.cpp, line 796]
Event: 5.427 Thread 0x000001f87bd09fb0 Exception <a 'java/lang/NoSuchMethodError'{0x0000000089e6e940}: 'java.lang.Object java.lang.invoke.Invokers$Holder.linkToTargetMethod(java.lang.Object, long, java.lang.Object)'> (0x0000000089e6e940) 
thrown [s\open\src\hotspot\share\interpreter\linkResolver.cpp, line 796]

VM Operations (14 events):
Event: 0.307 Executing VM operation: HandshakeAllThreads (Deoptimize)
Event: 0.307 Executing VM operation: HandshakeAllThreads (Deoptimize) done
Event: 0.851 Executing VM operation: HandshakeAllThreads (Deoptimize)
Event: 0.851 Executing VM operation: HandshakeAllThreads (Deoptimize) done
Event: 0.880 Executing VM operation: G1CollectForAllocation (G1 Evacuation Pause)
Event: 0.884 Executing VM operation: G1CollectForAllocation (G1 Evacuation Pause) done
Event: 1.139 Executing VM operation: HandshakeAllThreads (Deoptimize)
Event: 1.139 Executing VM operation: HandshakeAllThreads (Deoptimize) done
Event: 1.253 Executing VM operation: HandshakeAllThreads (Deoptimize)
Event: 1.253 Executing VM operation: HandshakeAllThreads (Deoptimize) done
Event: 1.344 Executing VM operation: HandshakeAllThreads (Deoptimize)
Event: 1.344 Executing VM operation: HandshakeAllThreads (Deoptimize) done
Event: 1.476 Executing VM operation: G1CollectForAllocation (G1 Evacuation Pause)
Event: 1.484 Executing VM operation: G1CollectForAllocation (G1 Evacuation Pause) done

Memory protections (0 events):
No events

Nmethod flushes (0 events):
No events

Events (20 events):
Event: 0.083 Thread 0x000001f85cd383d0 Thread added: 0x000001f87bd0acd0
Event: 0.132 Thread 0x000001f87bd17c70 Thread added: 0x000001f8451f0870
Event: 0.196 Thread 0x000001f87bd17c70 Thread added: 0x000001f845507d30
Event: 0.374 Thread 0x000001f85cd383d0 Thread added: 0x000001f87bd08570
Event: 0.374 Thread 0x000001f85cd383d0 Thread added: 0x000001f87bd09920
Event: 0.476 Thread 0x000001f845507d30 Thread exited: 0x000001f845507d30
Event: 0.512 Thread 0x000001f8451f0870 Thread exited: 0x000001f8451f0870
Event: 0.520 Thread 0x000001f87bd17090 Thread added: 0x000001f8457a1770
Event: 0.520 Thread 0x000001f87bd17090 Thread added: 0x000001f8457a1e30
Event: 0.790 Thread 0x000001f85cd383d0 Thread added: 0x000001f87bd08c00
Event: 0.838 Thread 0x000001f8457a1e30 Thread exited: 0x000001f8457a1e30
Event: 0.838 Thread 0x000001f8457a1770 Thread exited: 0x000001f8457a1770
Event: 0.865 Thread 0x000001f85cd383d0 Thread added: 0x000001f87bd09290
Event: 0.869 Thread 0x000001f85cd383d0 Thread added: 0x000001f87bd09fb0
Event: 0.968 Thread 0x000001f87bd07850 Thread added: 0x000001f87bd07850
Event: 1.007 Thread 0x000001f85cd383d0 Thread added: 0x000001f8466a6650
Event: 1.227 Thread 0x000001f87bd17c70 Thread added: 0x000001f84667e8e0
Event: 1.690 Thread 0x000001f87bd09fb0 Thread added: 0x000001f8466a8db0
Event: 1.787 Thread 0x000001f84667e8e0 Thread exited: 0x000001f84667e8e0
Event: 1.917 Thread 0x000001f87bd08c00 Thread added: 0x000001f8466a9ad0


Dynamic libraries:
0x00007ff79cbf0000 - 0x00007ff79cc00000 	C:\Program Files\Java\jdk-23\bin\java.exe
0x00007ffe921d0000 - 0x00007ffe923e7000 	C:\WINDOWS\SYSTEM32\ntdll.dll
0x00007ffe90620000 - 0x00007ffe906e4000 	C:\WINDOWS\System32\KERNEL32.DLL
0x00007ffe8f410000 - 0x00007ffe8f7e3000 	C:\WINDOWS\System32\KERNELBASE.dll
0x00007ffe8f8c0000 - 0x00007ffe8f9d1000 	C:\WINDOWS\System32\ucrtbase.dll
0x00007ffe4b6f0000 - 0x00007ffe4b70b000 	C:\Program Files\Java\jdk-23\bin\VCRUNTIME140.dll
0x00007ffe4b270000 - 0x00007ffe4b287000 	C:\Program Files\Java\jdk-23\bin\jli.dll
0x00007ffe90340000 - 0x00007ffe904f1000 	C:\WINDOWS\System32\USER32.dll
0x00007ffe8f360000 - 0x00007ffe8f386000 	C:\WINDOWS\System32\win32u.dll
0x00007ffe739d0000 - 0x00007ffe73c68000 	C:\WINDOWS\WinSxS\amd64_microsoft.windows.common-controls_6595b64144ccf1df_6.0.22621.5124_none_270e8f4f7386d69d\COMCTL32.dll
0x00007ffe910d0000 - 0x00007ffe910f9000 	C:\WINDOWS\System32\GDI32.dll
0x00007ffe91100000 - 0x00007ffe911a7000 	C:\WINDOWS\System32\msvcrt.dll
0x00007ffe8fb20000 - 0x00007ffe8fc3b000 	C:\WINDOWS\System32\gdi32full.dll
0x00007ffe8f820000 - 0x00007ffe8f8ba000 	C:\WINDOWS\System32\msvcp_win.dll
0x00007ffe92150000 - 0x00007ffe92181000 	C:\WINDOWS\System32\IMM32.DLL
0x00007ffe6e190000 - 0x00007ffe6e19c000 	C:\Program Files\Java\jdk-23\bin\vcruntime140_1.dll
0x00007ffe435e0000 - 0x00007ffe4366e000 	C:\Program Files\Java\jdk-23\bin\msvcp140.dll
0x00007ffe0b910000 - 0x00007ffe0c660000 	C:\Program Files\Java\jdk-23\bin\server\jvm.dll
0x00007ffe91420000 - 0x00007ffe914d1000 	C:\WINDOWS\System32\ADVAPI32.dll
0x00007ffe914e0000 - 0x00007ffe91588000 	C:\WINDOWS\System32\sechost.dll
0x00007ffe8f7f0000 - 0x00007ffe8f818000 	C:\WINDOWS\System32\bcrypt.dll
0x00007ffe90fb0000 - 0x00007ffe910c4000 	C:\WINDOWS\System32\RPCRT4.dll
0x00007ffe920d0000 - 0x00007ffe92141000 	C:\WINDOWS\System32\WS2_32.dll
0x00007ffe8f1b0000 - 0x00007ffe8f1fd000 	C:\WINDOWS\SYSTEM32\POWRPROF.dll
0x00007ffe88320000 - 0x00007ffe88354000 	C:\WINDOWS\SYSTEM32\WINMM.dll
0x00007ffe88010000 - 0x00007ffe8801a000 	C:\WINDOWS\SYSTEM32\VERSION.dll
0x00007ffe8f0e0000 - 0x00007ffe8f0f3000 	C:\WINDOWS\SYSTEM32\UMPDC.dll
0x00007ffe8e310000 - 0x00007ffe8e328000 	C:\WINDOWS\SYSTEM32\kernel.appcore.dll
0x00007ffe6dda0000 - 0x00007ffe6ddaa000 	C:\Program Files\Java\jdk-23\bin\jimage.dll
0x00007ffe8c980000 - 0x00007ffe8cbb2000 	C:\WINDOWS\SYSTEM32\DBGHELP.DLL
0x00007ffe8ffa0000 - 0x00007ffe90332000 	C:\WINDOWS\System32\combase.dll
0x00007ffe8fec0000 - 0x00007ffe8ff97000 	C:\WINDOWS\System32\OLEAUT32.dll
0x00007ffe5ba40000 - 0x00007ffe5ba72000 	C:\WINDOWS\SYSTEM32\dbgcore.DLL
0x00007ffe8f390000 - 0x00007ffe8f40b000 	C:\WINDOWS\System32\bcryptPrimitives.dll
0x00007ffe5d850000 - 0x00007ffe5d85f000 	C:\Program Files\Java\jdk-23\bin\instrument.dll
0x00007ffe4b250000 - 0x00007ffe4b26e000 	C:\Program Files\Java\jdk-23\bin\java.dll
0x00007ffe90df0000 - 0x00007ffe90f91000 	C:\WINDOWS\System32\ole32.dll
0x00007ffe915b0000 - 0x00007ffe91e46000 	C:\WINDOWS\System32\SHELL32.dll
0x00007ffe8f9e0000 - 0x00007ffe8fb1f000 	C:\WINDOWS\System32\wintypes.dll
0x00007ffe8d200000 - 0x00007ffe8db1a000 	C:\WINDOWS\SYSTEM32\windows.storage.dll
0x00007ffe91e50000 - 0x00007ffe91f5a000 	C:\WINDOWS\System32\SHCORE.dll
0x00007ffe906f0000 - 0x00007ffe90753000 	C:\WINDOWS\System32\shlwapi.dll
0x00007ffe8f210000 - 0x00007ffe8f23b000 	C:\WINDOWS\SYSTEM32\profapi.dll
0x00007ffe43280000 - 0x00007ffe43357000 	C:\Program Files\Java\jdk-23\bin\jsvml.dll
0x00007ffe5dcc0000 - 0x00007ffe5dcd0000 	C:\Program Files\Java\jdk-23\bin\net.dll
0x00007ffe8e790000 - 0x00007ffe8e7fa000 	C:\WINDOWS\system32\mswsock.dll
0x00007ffe4b230000 - 0x00007ffe4b246000 	C:\Program Files\Java\jdk-23\bin\nio.dll
0x00007ffe4b070000 - 0x00007ffe4b087000 	C:\Program Files\Java\jdk-23\bin\zip.dll
0x00007ffe4b050000 - 0x00007ffe4b06a000 	D:\IntelliJ IDEA Community Edition 2024.3.3\bin\breakgen64.dll
0x000001f845c20000 - 0x000001f845c23000 	C:\Users\user\.openjfx\cache\17.0.6\api-ms-win-core-console-l1-1-0.dll
0x000001f845c30000 - 0x000001f845c33000 	C:\Users\user\.openjfx\cache\17.0.6\api-ms-win-core-console-l1-2-0.dll
0x000001f845c40000 - 0x000001f845c43000 	C:\Users\user\.openjfx\cache\17.0.6\api-ms-win-core-datetime-l1-1-0.dll
0x000001f845c50000 - 0x000001f845c53000 	C:\Users\user\.openjfx\cache\17.0.6\api-ms-win-core-debug-l1-1-0.dll
0x000001f845c60000 - 0x000001f845c63000 	C:\Users\user\.openjfx\cache\17.0.6\api-ms-win-core-errorhandling-l1-1-0.dll
0x000001f845c70000 - 0x000001f845c74000 	C:\Users\user\.openjfx\cache\17.0.6\api-ms-win-core-file-l1-1-0.dll
0x000001f845c80000 - 0x000001f845c83000 	C:\Users\user\.openjfx\cache\17.0.6\api-ms-win-core-file-l1-2-0.dll
0x000001f845c90000 - 0x000001f845c93000 	C:\Users\user\.openjfx\cache\17.0.6\api-ms-win-core-file-l2-1-0.dll
0x000001f845ca0000 - 0x000001f845ca3000 	C:\Users\user\.openjfx\cache\17.0.6\api-ms-win-core-handle-l1-1-0.dll
0x000001f845cb0000 - 0x000001f845cb3000 	C:\Users\user\.openjfx\cache\17.0.6\api-ms-win-core-heap-l1-1-0.dll
0x000001f845cc0000 - 0x000001f845cc3000 	C:\Users\user\.openjfx\cache\17.0.6\api-ms-win-core-interlocked-l1-1-0.dll
0x000001f845cd0000 - 0x000001f845cd3000 	C:\Users\user\.openjfx\cache\17.0.6\api-ms-win-core-libraryloader-l1-1-0.dll
0x000001f845ce0000 - 0x000001f845ce3000 	C:\Users\user\.openjfx\cache\17.0.6\api-ms-win-core-localization-l1-2-0.dll
0x000001f845cf0000 - 0x000001f845cf3000 	C:\Users\user\.openjfx\cache\17.0.6\api-ms-win-core-memory-l1-1-0.dll
0x000001f845d00000 - 0x000001f845d03000 	C:\Users\user\.openjfx\cache\17.0.6\api-ms-win-core-namedpipe-l1-1-0.dll
0x000001f845d10000 - 0x000001f845d13000 	C:\Users\user\.openjfx\cache\17.0.6\api-ms-win-core-processenvironment-l1-1-0.dll
0x000001f845d20000 - 0x000001f845d23000 	C:\Users\user\.openjfx\cache\17.0.6\api-ms-win-core-processthreads-l1-1-0.dll
0x000001f845d30000 - 0x000001f845d33000 	C:\Users\user\.openjfx\cache\17.0.6\api-ms-win-core-processthreads-l1-1-1.dll
0x000001f845d40000 - 0x000001f845d43000 	C:\Users\user\.openjfx\cache\17.0.6\api-ms-win-core-profile-l1-1-0.dll
0x000001f845d50000 - 0x000001f845d53000 	C:\Users\user\.openjfx\cache\17.0.6\api-ms-win-core-rtlsupport-l1-1-0.dll
0x000001f845d60000 - 0x000001f845d63000 	C:\Users\user\.openjfx\cache\17.0.6\api-ms-win-core-string-l1-1-0.dll
0x000001f845d70000 - 0x000001f845d73000 	C:\Users\user\.openjfx\cache\17.0.6\api-ms-win-core-synch-l1-1-0.dll
0x000001f845d80000 - 0x000001f845d83000 	C:\Users\user\.openjfx\cache\17.0.6\api-ms-win-core-synch-l1-2-0.dll
0x000001f845d90000 - 0x000001f845d93000 	C:\Users\user\.openjfx\cache\17.0.6\api-ms-win-core-sysinfo-l1-1-0.dll
0x000001f845da0000 - 0x000001f845da3000 	C:\Users\user\.openjfx\cache\17.0.6\api-ms-win-core-timezone-l1-1-0.dll
0x000001f845db0000 - 0x000001f845db3000 	C:\Users\user\.openjfx\cache\17.0.6\api-ms-win-core-util-l1-1-0.dll
0x000001f845dc0000 - 0x000001f845dc3000 	C:\Users\user\.openjfx\cache\17.0.6\api-ms-win-crt-conio-l1-1-0.dll
0x000001f845dd0000 - 0x000001f845dd4000 	C:\Users\user\.openjfx\cache\17.0.6\api-ms-win-crt-convert-l1-1-0.dll
0x000001f845de0000 - 0x000001f845de3000 	C:\Users\user\.openjfx\cache\17.0.6\api-ms-win-crt-environment-l1-1-0.dll
0x000001f845df0000 - 0x000001f845df3000 	C:\Users\user\.openjfx\cache\17.0.6\api-ms-win-crt-filesystem-l1-1-0.dll
0x000001f845e00000 - 0x000001f845e03000 	C:\Users\user\.openjfx\cache\17.0.6\api-ms-win-crt-heap-l1-1-0.dll
0x000001f845e10000 - 0x000001f845e13000 	C:\Users\user\.openjfx\cache\17.0.6\api-ms-win-crt-locale-l1-1-0.dll
0x000001f845e20000 - 0x000001f845e25000 	C:\Users\user\.openjfx\cache\17.0.6\api-ms-win-crt-math-l1-1-0.dll
0x000001f845e30000 - 0x000001f845e35000 	C:\Users\user\.openjfx\cache\17.0.6\api-ms-win-crt-multibyte-l1-1-0.dll
0x000001f845e40000 - 0x000001f845e50000 	C:\Users\user\.openjfx\cache\17.0.6\api-ms-win-crt-private-l1-1-0.dll
0x000001f845e50000 - 0x000001f845e53000 	C:\Users\user\.openjfx\cache\17.0.6\api-ms-win-crt-process-l1-1-0.dll
0x000001f845e60000 - 0x000001f845e64000 	C:\Users\user\.openjfx\cache\17.0.6\api-ms-win-crt-runtime-l1-1-0.dll
0x000001f845e70000 - 0x000001f845e74000 	C:\Users\user\.openjfx\cache\17.0.6\api-ms-win-crt-stdio-l1-1-0.dll
0x000001f845e80000 - 0x000001f845e84000 	C:\Users\user\.openjfx\cache\17.0.6\api-ms-win-crt-string-l1-1-0.dll
0x000001f845e90000 - 0x000001f845e93000 	C:\Users\user\.openjfx\cache\17.0.6\api-ms-win-crt-time-l1-1-0.dll
0x000001f845ea0000 - 0x000001f845ea3000 	C:\Users\user\.openjfx\cache\17.0.6\api-ms-win-crt-utility-l1-1-0.dll
0x00007ffe20bb0000 - 0x00007ffe20cac000 	C:\Users\user\.openjfx\cache\17.0.6\ucrtbase.dll
0x00007ffe4ab50000 - 0x00007ffe4ab6a000 	C:\Users\user\.openjfx\cache\17.0.6\vcruntime140.dll
0x00007ffe5c140000 - 0x00007ffe5c14c000 	C:\Users\user\.openjfx\cache\17.0.6\vcruntime140_1.dll
0x00007ffe42a00000 - 0x00007ffe42a8d000 	C:\Users\user\.openjfx\cache\17.0.6\msvcp140.dll
0x00007ffe553f0000 - 0x00007ffe553f9000 	C:\Users\user\.openjfx\cache\17.0.6\msvcp140_1.dll
0x00007ffe47e90000 - 0x00007ffe47ebf000 	C:\Users\user\.openjfx\cache\17.0.6\msvcp140_2.dll
0x00007ffe45590000 - 0x00007ffe455ba000 	C:\Users\user\.openjfx\cache\17.0.6\prism_d3d.dll
0x00007ffde03c0000 - 0x00007ffde0568000 	C:\WINDOWS\system32\d3d9.dll
0x00007ffe8c790000 - 0x00007ffe8c7be000 	C:\WINDOWS\SYSTEM32\dwmapi.dll
0x00007ffe8c640000 - 0x00007ffe8c677000 	C:\WINDOWS\SYSTEM32\dxcore.dll
0x00007ffe8c470000 - 0x00007ffe8c523000 	C:\WINDOWS\system32\uxtheme.dll
0x00007ffe43f30000 - 0x00007ffe44168000 	C:\WINDOWS\System32\DriverStore\FileRepository\iigd_dch.inf_amd64_0fdf6ce291234272\igdumdim64.dll
0x00007ffe25720000 - 0x00007ffe26a90000 	C:\WINDOWS\System32\DriverStore\FileRepository\iigd_dch.inf_amd64_0fdf6ce291234272\igd9dxva64.dll
0x00007ffe90830000 - 0x00007ffe90ca4000 	C:\WINDOWS\System32\SETUPAPI.dll
0x00007ffe8ef50000 - 0x00007ffe8ef9e000 	C:\WINDOWS\SYSTEM32\cfgmgr32.dll
0x00007ffde25f0000 - 0x00007ffde4311000 	C:\WINDOWS\System32\DriverStore\FileRepository\iigd_dch.inf_amd64_0fdf6ce291234272\media_bin_64.dll
0x00007ffe79af0000 - 0x00007ffe79f28000 	C:\WINDOWS\System32\DriverStore\FileRepository\iigd_dch.inf_amd64_0fdf6ce291234272\igdgmm64.dll
0x00007ffe85260000 - 0x00007ffe852a9000 	C:\WINDOWS\SYSTEM32\directxdatabasehelper.dll
0x00007ffe43230000 - 0x00007ffe43272000 	C:\Users\user\.openjfx\cache\17.0.6\glass.dll
0x00007ffe90cc0000 - 0x00007ffe90dc3000 	C:\WINDOWS\System32\COMDLG32.dll
0x00007ffe91f70000 - 0x00007ffe920d0000 	C:\WINDOWS\System32\MSCTF.dll
0x00007ffde25c0000 - 0x00007ffde25e7000 	C:\WINDOWS\System32\DriverStore\FileRepository\iigd_dch.inf_amd64_0fdf6ce291234272\igdinfo64.dll
0x00007ffe75c40000 - 0x00007ffe79aed000 	C:\WINDOWS\System32\DriverStore\FileRepository\iigd_dch.inf_amd64_0fdf6ce291234272\igc64.dll
0x00007ffe45570000 - 0x00007ffe45584000 	C:\Users\user\.openjfx\cache\17.0.6\javafx_font.dll
0x00007ffe86100000 - 0x00007ffe86373000 	C:\WINDOWS\SYSTEM32\dwrite.dll
0x00007ffe911b0000 - 0x00007ffe91260000 	C:\WINDOWS\System32\clbcatq.dll
0x00007ffe8c140000 - 0x00007ffe8c2f0000 	C:\WINDOWS\SYSTEM32\WindowsCodecs.dll
0x00007ffe4c2c0000 - 0x00007ffe4c31e000 	C:\WINDOWS\system32\dataexchange.dll
0x00007ffe837f0000 - 0x00007ffe83a96000 	C:\WINDOWS\system32\twinapi.appcore.dll
0x00007ffe44bb0000 - 0x00007ffe44be2000 	C:\Program Files\Common Files\Microsoft Shared\Ink\rtscom.dll
0x00007ffe845d0000 - 0x00007ffe84714000 	C:\WINDOWS\SYSTEM32\textinputframework.dll
0x00007ffe87970000 - 0x00007ffe87aa5000 	C:\WINDOWS\SYSTEM32\CoreMessaging.dll
0x00007ffe852b0000 - 0x00007ffe8561c000 	C:\WINDOWS\SYSTEM32\CoreUIComponents.dll
0x00007ffe8ea00000 - 0x00007ffe8ea0c000 	C:\WINDOWS\SYSTEM32\CRYPTBASE.DLL
0x00007ffe74490000 - 0x00007ffe744db000 	C:\WINDOWS\system32\ApplicationTargetedFeatureDatabase.dll

dbghelp: loaded successfully - version: 4.0.5 - missing functions: none
symbol engine: initialized successfully - sym options: 0x614 - pdb path: .;C:\Program Files\Java\jdk-23\bin;C:\WINDOWS\SYSTEM32;C:\WINDOWS\WinSxS\amd64_microsoft.windows.common-controls_6595b64144ccf1df_6.0.22621.5124_none_270e8f4f7386d69d;C:\Program Files\Java\jdk-23\bin\server;D:\IntelliJ IDEA Community Edition 2024.3.3\bin;C:\Users\user\.openjfx\cache\17.0.6;C:\WINDOWS\System32\DriverStore\FileRepository\iigd_dch.inf_amd64_0fdf6ce291234272;C:\Program Files\Common Files\Microsoft Shared\Ink

VM Arguments:
jvm_args: -javaagent:D:\IntelliJ IDEA Community Edition 2024.3.3\lib\idea_rt.jar=55321:D:\IntelliJ IDEA Community Edition 2024.3.3\bin -Dfile.encoding=UTF-8 -Dsun.stdout.encoding=UTF-8 -Dsun.stderr.encoding=UTF-8 --module-path=C:\Users\user\.m2\repository\com\fasterxml\jackson\core\jackson-core\2.14.2\jackson-core-2.14.2.jar;C:\Users\user\.m2\repository\com\dlsc\formsfx\formsfx-core\11.6.0\formsfx-core-11.6.0.jar;C:\Users\user\.m2\repository\org\openjfx\javafx-base\17.0.6\javafx-base-17.0.6-win.jar;C:\Users\user\.m2\repository\com\mysql\mysql-connector-j\8.0.33\mysql-connector-j-8.0.33.jar;C:\Users\user\.m2\repository\com\gluonhq\attach\audio\4.0.17\audio-4.0.17.jar;C:\Users\user\.m2\repository\org\openjfx\javafx-graphics\17.0.6\javafx-graphics-17.0.6-win.jar;C:\Users\user\.m2\repository\com\github\almasb\fxgl-gameplay\17.3\fxgl-gameplay-17.3.jar;C:\Users\user\.m2\repository\com\github\almasb\fxgl\17.3\fxgl-17.3.jar;C:\Users\user\.m2\repository\com\github\almasb\fxgl-entity\17.3\fxgl-entity-17.3.jar;C:\Users\user\.m2\repository\com\fasterxml\jackson\core\jackson-databind\2.14.2\jackson-databind-2.14.2.jar;C:\Users\user\.m2\repository\com\github\almasb\fxgl-core\17.3\fxgl-core-17.3.jar;C:\Users\user\.m2\repository\org\openjfx\javafx-controls\17.0.6\javafx-controls-17.0.6-win.jar;C:\Users\user\.m2\repository\org\openjfx\javafx-swing\17.0.6\javafx-swing-17.0.6-win.jar;C:\Users\user\.m2\repository\com\gluonhq\attach\lifecycle\4.0.17\lifecycle-4.0.17.jar;C:\Users\user\Desktop\OOP_LIBRARY_PROJECT\target\classes;C:\Users\user\.m2\repository\org\kordamp\bootstrapfx\bootstrapfx-core\0.4.0\bootstrapfx-core-0.4.0.jar;C:\Users\user\.m2\repository\com\github\almasb\fxgl-io\17.3\fxgl-io-17.3.jar;C:\Users\user\.m2\repository\eu\hansolo\tilesfx\21.0.3\tilesfx-21.0.3.jar;C:\Users\user\.m2\repository\com\gluonhq\attach\util\4.0.17\util-4.0.17.jar;C:\Users\user\.m2\repository\org\jetbrains\kotlin\kotlin-stdlib\1.8.10\kotlin-stdlib-1.8.10.jar;C:\Users\user\.m2\repository\org\kordamp\ikonli\ikonli-core\12.3.1\ikonli-core-12.3.1.jar;C:\Users\user\.m2\repository\com\gluonhq\attach\storage\4.0.17\storage-4.0.17.jar;C:\Users\user\.m2\repository\net\synedra\validatorfx\0.5.0\validatorfx-0.5.0.jar;C:-Djdk.module.main=java.oop_library_project 
java_command: java.oop_library_project/app.Main
java_class_path (initial): C:\Users\user\.m2\repository\com\google\protobuf\protobuf-java\3.21.9\protobuf-java-3.21.9.jar;C:\Users\user\.m2\repository\org\openjfx\javafx-controls\17.0.6\javafx-controls-17.0.6.jar;C:\Users\user\.m2\repository\org\openjfx\javafx-graphics\17.0.6\javafx-graphics-17.0.6.jar;C:\Users\user\.m2\repository\org\openjfx\javafx-base\17.0.6\javafx-base-17.0.6.jar;C:\Users\user\.m2\repository\org\openjfx\javafx-fxml\17.0.6\javafx-fxml-17.0.6.jar;C:\Users\user\.m2\repository\org\openjfx\javafx-web\17.0.6\javafx-web-17.0.6.jar;C:\Users\user\.m2\repository\org\openjfx\javafx-swing\17.0.6\javafx-swing-17.0.6.jar;C:\Users\user\.m2\repository\org\openjfx\javafx-media\17.0.6\javafx-media-17.0.6.jar;C:\Users\user\.m2\repository\org\jetbrains\kotlin\kotlin-stdlib-common\1.8.10\kotlin-stdlib-common-1.8.10.jar;C:\Users\user\.m2\repository\org\jetbrains\annotations\13.0\annotations-13.0.jar
Launcher Type: SUN_STANDARD

[Global flags]
     intx CICompilerCount                          = 4                                         {product} {ergonomic}
     uint ConcGCThreads                            = 2                                         {product} {ergonomic}
     uint G1ConcRefinementThreads                  = 8                                         {product} {ergonomic}
   size_t G1HeapRegionSize                         = 1048576                                   {product} {ergonomic}
   size_t InitialHeapSize                          = 132120576                                 {product} {ergonomic}
   size_t MarkStackSize                            = 4194304                                   {product} {ergonomic}
   size_t MarkStackSizeMax                         = 536870912                                 {product} {ergonomic}
   size_t MaxHeapSize                              = 2086666240                                {product} {ergonomic}
   size_t MaxNewSize                               = 1251999744                                {product} {ergonomic}
   size_t MinHeapDeltaBytes                        = 1048576                                   {product} {ergonomic}
   size_t MinHeapSize                              = 8388608                                   {product} {ergonomic}
    uintx NonNMethodCodeHeapSize                   = 5832704                                {pd product} {ergonomic}
    uintx NonProfiledCodeHeapSize                  = 122945536                              {pd product} {ergonomic}
    uintx ProfiledCodeHeapSize                     = 122880000                              {pd product} {ergonomic}
    uintx ReservedCodeCacheSize                    = 251658240                              {pd product} {ergonomic}
     bool SegmentedCodeCache                       = true                                      {product} {ergonomic}
   size_t SoftMaxHeapSize                          = 2086666240                             {manageable} {ergonomic}
     bool UseCompressedOops                        = true                           {product lp64_product} {ergonomic}
     bool UseG1GC                                  = true                                      {product} {ergonomic}
     bool UseLargePagesIndividualAllocation        = false                                  {pd product} {ergonomic}

Logging:
Log output configuration:
 #0: stdout all=warning uptime,level,tags foldmultilines=false
 #1: stderr all=off uptime,level,tags foldmultilines=false

Environment Variables:
PATH=C:\Program Files\Common Files\Oracle\Java\javapath;C:\ProgramData\Oracle\Java\javapath;C:\WINDOWS\system32;C:\WINDOWS;C:\WINDOWS\System32\Wbem;C:\WINDOWS\System32\WindowsPowerShell\v1.0\;C:\WINDOWS\System32\OpenSSH\;C:\Program Files\dotnet\;C:\MinGW\bin;C:\Program Files\Java\jdk-23\bin;D:\Git\cmd;C:\Program Files\MySQL\MySQL Server 8.0\bin;C:\Program Files\MySQL\MySQL Shell 8.0\bin\;C:\Users\user\AppData\Local\Microsoft\WindowsApps;C:\Users\user\AppData\Local\Programs\Microsoft VS Code\bin;D:\SFML-3.0.0\bin;C:\Users\user\AppData\Local\GitHubDesktop\bin;C:\Users\user\AppData\Local\Muse Hub\lib
USERNAME=user
OS=Windows_NT
PROCESSOR_IDENTIFIER=Intel64 Family 6 Model 140 Stepping 1, GenuineIntel
TMP=C:\Users\user\AppData\Local\Temp
TEMP=C:\Users\user\AppData\Local\Temp




Periodic native trim disabled

---------------  S Y S T E M  ---------------

OS:
 Windows 11 , 64 bit Build 22621 (10.0.22621.5124)
OS uptime: 0 days 4:39 hours

CPU: total 8 (initial active 8) (4 cores per cpu, 2 threads per core) family 6 model 140 stepping 1 microcode 0x86, cx8, cmov, fxsr, ht, mmx, 3dnowpref, sse, sse2, sse3, ssse3, sse4.1, sse4.2, popcnt, lzcnt, tsc, tscinvbit, avx, avx2, aes, erms, clmul, bmi1, bmi2, adx, avx512f, avx512dq, avx512cd, avx512bw, avx512vl, sha, fma, vzeroupper, avx512_vpopcntdq, avx512_vpclmulqdq, avx512_vaes, avx512_vnni, clflush, clflushopt, clwb, avx512_vbmi2, avx512_vbmi, rdtscp, rdpid, fsrm, gfni, avx512_bitalg, f16c, pku, cet_ibt, cet_ss, avx512_ifma
Processor Information for the first 8 processors :
  Max Mhz: 2419, Current Mhz: 2419, Mhz Limit: 2419

Memory: 4k page, system-wide physical 7957M (417M free)
TotalPageFile size 14170M (AvailPageFile size 5M)
current process WorkingSet (physical memory assigned to process): 170M, peak: 170M
current process commit charge ("private bytes"): 302M, peak: 303M

vm_info: Java HotSpot(TM) 64-Bit Server VM (23.0.2+7-58) for windows-amd64 JRE (23.0.2+7-58), built on 2024-11-29T09:34:55Z with MS VC++ 17.6 (VS2022)

END.
